<?xml version="1.0" encoding="UTF-8"?>
<!-- Generated by org.testng.reporters.JUnitReportReporter -->
<testsuite skipped="0" hostname="DESKTOP-IK4EE2E" name="WebVerification.MINVVerification" tests="4" failures="0" timestamp="20 Mar 2019 10:12:47 GMT" time="171.869" errors="0">
  <testcase name="generate" time="0.010" classname="WebVerification.MINVVerification"/>
  <testcase name="create" time="63.650" classname="WebVerification.MINVVerification"/>
  <testcase name="upload" time="25.323" classname="WebVerification.MINVVerification"/>
  <testcase name="execute" time="82.886" classname="WebVerification.MINVVerification"/>
</testsuite> <!-- WebVerification.MINVVerification -->
