<?xml version="1.0" encoding="UTF-8"?>
<!-- Generated by org.testng.reporters.JUnitReportReporter -->
<testsuite skipped="0" hostname="DESKTOP-IK4EE2E" name="WebVerification.sesdrVerification" tests="4" failures="0" timestamp="20 Mar 2019 10:03:57 GMT" time="224.396" errors="0">
  <testcase name="generate" time="0.038" classname="WebVerification.sesdrVerification"/>
  <testcase name="create" time="65.504" classname="WebVerification.sesdrVerification"/>
  <testcase name="upload" time="21.816" classname="WebVerification.sesdrVerification"/>
  <testcase name="execute" time="137.038" classname="WebVerification.sesdrVerification"/>
</testsuite> <!-- WebVerification.sesdrVerification -->
