<?xml version="1.0" encoding="UTF-8"?>
<!-- Generated by org.testng.reporters.JUnitReportReporter -->
<testsuite skipped="0" hostname="DESKTOP-IK4EE2E" name="WebVerification.gacdwVerification" tests="4" failures="0" timestamp="01 Jul 2019 16:59:29 GMT" time="397.364" errors="0">
  <testcase name="generate" time="0.037" classname="WebVerification.gacdwVerification"/>
  <testcase name="create" time="82.170" classname="WebVerification.gacdwVerification"/>
  <testcase name="upload" time="32.977" classname="WebVerification.gacdwVerification"/>
  <testcase name="execute" time="282.180" classname="WebVerification.gacdwVerification"/>
</testsuite> <!-- WebVerification.gacdwVerification -->
