<?xml version="1.0" encoding="UTF-8"?>
<!-- Generated by org.testng.reporters.JUnitReportReporter -->
<testsuite skipped="0" hostname="DESKTOP-IK4EE2E" name="WebVerification.sysregVerification" tests="5" failures="0" timestamp="20 Mar 2019 10:26:24 GMT" time="191.016" errors="0">
  <testcase name="cleanLocalFolder" time="0.021" classname="WebVerification.sysregVerification"/>
  <testcase name="generate" time="0.042" classname="WebVerification.sysregVerification"/>
  <testcase name="create" time="62.868" classname="WebVerification.sysregVerification"/>
  <testcase name="upload" time="17.423" classname="WebVerification.sysregVerification"/>
  <testcase name="execute" time="110.662" classname="WebVerification.sysregVerification"/>
</testsuite> <!-- WebVerification.sysregVerification -->
